Temp/gradleOut/unityLibrary/build/outputs/logs/manifest-merger-debug-report.txt
-- Merging decision tree log ---
manifest
ADDED from src/main/AndroidManifest.xml:3:1-25:12
INJECTED from src/main/AndroidManifest.xml:3:1-25:12
INJECTED from src/main/AndroidManifest.xml:3:1-25:12
INJECTED from src/main/AndroidManifest.xml:3:1-25:12
INJECTED from src/main/AndroidManifest.xml:3:1-25:12
INJECTED from src/main/AndroidManifest.xml:3:1-25:12
INJECTED from src/main/AndroidManifest.xml:3:1-25:12
	package
		ADDED from src/main/AndroidManifest.xml:3:70-98
		INJECTED from src/main/AndroidManifest.xml
		INJECTED from src/main/AndroidManifest.xml
	android:versionName
		INJECTED from src/main/AndroidManifest.xml
		ADDED from src/main/AndroidManifest.xml:3:1-25:12
		INJECTED from src/main/AndroidManifest.xml
	xmlns:tools
		ADDED from src/main/AndroidManifest.xml:3:99-145
	android:versionCode
		INJECTED from src/main/AndroidManifest.xml
		ADDED from src/main/AndroidManifest.xml:3:1-25:12
		INJECTED from src/main/AndroidManifest.xml
	xmlns:android
		ADDED from src/main/AndroidManifest.xml:3:11-69
application
ADDED from src/main/AndroidManifest.xml:4:3-15:17
activity#com.unity3d.player.UnityPlayerActivity
ADDED from src/main/AndroidManifest.xml:5:5-11:16
	android:screenOrientation
		ADDED from src/main/AndroidManifest.xml:5:111-148
	android:launchMode
		ADDED from src/main/AndroidManifest.xml:5:149-180
	android:hardwareAccelerated
		ADDED from src/main/AndroidManifest.xml:5:363-398
	android:configChanges
		ADDED from src/main/AndroidManifest.xml:5:181-362
	android:theme
		ADDED from src/main/AndroidManifest.xml:5:69-110
	android:name
		ADDED from src/main/AndroidManifest.xml:5:15-68
intent-filter#action:name:android.intent.action.MAIN+category:name:android.intent.category.LAUNCHER
ADDED from src/main/AndroidManifest.xml:6:7-9:23
action#android.intent.action.MAIN
ADDED from src/main/AndroidManifest.xml:7:9-61
	android:name
		ADDED from src/main/AndroidManifest.xml:7:17-58
category#android.intent.category.LAUNCHER
ADDED from src/main/AndroidManifest.xml:8:9-69
	android:name
		ADDED from src/main/AndroidManifest.xml:8:19-66
meta-data#unityplayer.UnityActivity
ADDED from src/main/AndroidManifest.xml:10:7-82
	android:value
		ADDED from src/main/AndroidManifest.xml:10:59-79
	android:name
		ADDED from src/main/AndroidManifest.xml:10:18-58
meta-data#unity.splash-mode
ADDED from src/main/AndroidManifest.xml:12:5-69
	android:value
		ADDED from src/main/AndroidManifest.xml:12:49-66
	android:name
		ADDED from src/main/AndroidManifest.xml:12:16-48
meta-data#unity.splash-enable
ADDED from src/main/AndroidManifest.xml:13:5-74
	android:value
		ADDED from src/main/AndroidManifest.xml:13:51-71
	android:name
		ADDED from src/main/AndroidManifest.xml:13:16-50
meta-data#unity.build-id
ADDED from src/main/AndroidManifest.xml:14:5-101
	android:value
		ADDED from src/main/AndroidManifest.xml:14:46-98
	android:name
		ADDED from src/main/AndroidManifest.xml:14:16-45
uses-feature#0x00020000
ADDED from src/main/AndroidManifest.xml:16:3-52
	android:glEsVersion
		ADDED from src/main/AndroidManifest.xml:16:17-49
uses-permission#android.permission.INTERNET
ADDED from src/main/AndroidManifest.xml:17:3-65
	android:name
		ADDED from src/main/AndroidManifest.xml:17:20-62
uses-permission#android.permission.CHANGE_WIFI_MULTICAST_STATE
ADDED from src/main/AndroidManifest.xml:18:3-84
	android:name
		ADDED from src/main/AndroidManifest.xml:18:20-81
uses-permission#android.permission.ACCESS_FINE_LOCATION
ADDED from src/main/AndroidManifest.xml:19:3-77
	android:name
		ADDED from src/main/AndroidManifest.xml:19:20-74
uses-feature#android.hardware.location.gps
ADDED from src/main/AndroidManifest.xml:20:3-89
	android:required
		ADDED from src/main/AndroidManifest.xml:20:62-86
	android:name
		ADDED from src/main/AndroidManifest.xml:20:17-61
uses-feature#android.hardware.location
ADDED from src/main/AndroidManifest.xml:21:3-85
	android:required
		ADDED from src/main/AndroidManifest.xml:21:58-82
	android:name
		ADDED from src/main/AndroidManifest.xml:21:17-57
uses-feature#android.hardware.touchscreen
ADDED from src/main/AndroidManifest.xml:22:3-88
	android:required
		ADDED from src/main/AndroidManifest.xml:22:61-85
	android:name
		ADDED from src/main/AndroidManifest.xml:22:17-60
uses-feature#android.hardware.touchscreen.multitouch
ADDED from src/main/AndroidManifest.xml:23:3-99
	android:required
		ADDED from src/main/AndroidManifest.xml:23:72-96
	android:name
		ADDED from src/main/AndroidManifest.xml:23:17-71
uses-feature#android.hardware.touchscreen.multitouch.distinct
ADDED from src/main/AndroidManifest.xml:24:3-108
	android:required
		ADDED from src/main/AndroidManifest.xml:24:81-105
	android:name
		ADDED from src/main/AndroidManifest.xml:24:17-80
uses-sdk
INJECTED from src/main/AndroidManifest.xml reason: use-sdk injection requested
INJECTED from src/main/AndroidManifest.xml
INJECTED from src/main/AndroidManifest.xml
INJECTED from src/main/AndroidManifest.xml
INJECTED from src/main/AndroidManifest.xml
	android:targetSdkVersion
		INJECTED from src/main/AndroidManifest.xml
		ADDED from src/main/AndroidManifest.xml
		INJECTED from src/main/AndroidManifest.xml
	android:minSdkVersion
		INJECTED from src/main/AndroidManifest.xml
		ADDED from src/main/AndroidManifest.xml
		INJECTED from src/main/AndroidManifest.xml